[debug] [2025-06-26T02:04:03.395Z] ----------------------------------------------------------------------
[debug] [2025-06-26T02:04:03.397Z] Command:       /nix/store/rbdrkcs5kkwpalxcd7c6bnm33lk2955n-nodejs-20.19.0/bin/node /nix/store/fprgfkwna33crhc86jqbf5878piivvgw-firebase-tools-14.7.0/lib/node_modules/firebase-tools/lib/bin/firebase.js deploy --only apphosting
[debug] [2025-06-26T02:04:03.398Z] CLI Version:   14.7.0
[debug] [2025-06-26T02:04:03.398Z] Platform:      linux
[debug] [2025-06-26T02:04:03.398Z] Node Version:  v20.19.0
[debug] [2025-06-26T02:04:03.398Z] Time:          Thu Jun 26 2025 02:04:03 GMT+0000 (Coordinated Universal Time)
[debug] [2025-06-26T02:04:03.398Z] ----------------------------------------------------------------------
[debug] 
[debug] [2025-06-26T02:04:03.823Z] Field "/apphosting" in "firebase.json" is possibly invalid: must be object
[debug] [2025-06-26T02:04:03.824Z] Object "/apphosting/0" in "firebase.json" is missing required property: {"missingProperty":"backendId"}
[debug] [2025-06-26T02:04:03.824Z] Field "/apphosting" in "firebase.json" is possibly invalid: must match a schema in anyOf
[debug] [2025-06-26T02:04:03.828Z] > command requires scopes: ["email","openid","https://www.googleapis.com/auth/cloudplatformprojects.readonly","https://www.googleapis.com/auth/firebase","https://www.googleapis.com/auth/cloud-platform"]
[debug] [2025-06-26T02:04:03.829Z] > authorizing via signed-in user (brighttiercloud@gmail.com)
[debug] [2025-06-26T02:04:03.829Z] [iam] checking project ai-talent-stream for permissions ["firebase.projects.get",null]
[debug] [2025-06-26T02:04:03.830Z] Checked if tokens are valid: true, expires at: 1750904874235
[debug] [2025-06-26T02:04:03.830Z] Checked if tokens are valid: true, expires at: 1750904874235
[debug] [2025-06-26T02:04:03.831Z] >>> [apiv2][query] POST https://cloudresourcemanager.googleapis.com/v1/projects/ai-talent-stream:testIamPermissions [none]
[debug] [2025-06-26T02:04:03.831Z] >>> [apiv2][(partial)header] POST https://cloudresourcemanager.googleapis.com/v1/projects/ai-talent-stream:testIamPermissions x-goog-quota-user=projects/ai-talent-stream
[debug] [2025-06-26T02:04:03.832Z] >>> [apiv2][body] POST https://cloudresourcemanager.googleapis.com/v1/projects/ai-talent-stream:testIamPermissions {"permissions":["firebase.projects.get",null]}
[debug] [2025-06-26T02:04:04.657Z] <<< [apiv2][status] POST https://cloudresourcemanager.googleapis.com/v1/projects/ai-talent-stream:testIamPermissions 200
[debug] [2025-06-26T02:04:04.657Z] <<< [apiv2][body] POST https://cloudresourcemanager.googleapis.com/v1/projects/ai-talent-stream:testIamPermissions {"permissions":["firebase.projects.get"]}
[debug] [2025-06-26T02:04:04.658Z] [iam] error while checking permissions, command may fail: Authorization failed. This account is missing the following required permissions on project ai-talent-stream:

  
[info] 
[info] === Deploying to 'ai-talent-stream'...
[info] 
[info] i  deploying apphosting 
[debug] [2025-06-26T02:04:04.661Z] Checked if tokens are valid: true, expires at: 1750904874235
[debug] [2025-06-26T02:04:04.661Z] Checked if tokens are valid: true, expires at: 1750904874235
[debug] [2025-06-26T02:04:04.661Z] >>> [apiv2][query] GET https://serviceusage.googleapis.com/v1/projects/ai-talent-stream/services/firebaseapphosting.googleapis.com [none]
[debug] [2025-06-26T02:04:04.661Z] >>> [apiv2][(partial)header] GET https://serviceusage.googleapis.com/v1/projects/ai-talent-stream/services/firebaseapphosting.googleapis.com x-goog-quota-user=projects/ai-talent-stream
